[startup] connecting camera stream on localhost:4445
[startup] camera stream connected
[status] t=1.0s state=DRIVE_TO_B pose=(-0.02,0.00,0.00) payload=0.0kg
[status] t=3.0s state=DRIVE_TO_B pose=(1.88,-0.85,0.00) payload=0.0kg
[status] t=5.0s state=DRIVE_TO_B pose=(0.23,-5.45,0.00) payload=0.0kg
[status] t=7.0s state=DRIVE_TO_B pose=(0.17,-10.69,0.51) payload=0.0kg
[status] t=9.0s state=DRIVE_TO_B pose=(-0.17,-16.53,1.00) payload=0.0kg
[status] t=11.0s state=DRIVE_TO_B pose=(-0.02,-22.57,1.00) payload=0.0kg
Arrivato al punto B: inizio presa dallo scaffale
Braccio in posa di pre-scan: cerco il pacco con la camera
[status] t=13.0s state=VISION_PICK pose=(-0.01,-24.38,1.00) payload=0.0kg
[vision] no target
[vision] no target
[vision] no target
[vision] no target
[vision] no target
[vision] no target
[vision] no target
[vision] color=blue cx=488 cy=34 area=3022
[vision] color=blue cx=457 cy=123 area=22789
[vision] color=blue cx=425 cy=314 area=33049
[vision] color=blue cx=416 cy=425 area=30923
[vision] color=blue cx=409 cy=460 area=18304
[vision] color=blue cx=412 cy=451 area=21194
[vision] color=blue cx=416 cy=428 area=29609
[vision] color=blue cx=419 cy=413 area=34305
[status] t=15.0s state=VISION_PICK pose=(-0.01,-24.34,1.00) payload=0.0kg
[vision] color=blue cx=425 cy=330 area=31673
[vision] color=blue cx=438 cy=216 area=26783
[vision] color=blue cx=450 cy=160 area=24777
[vision] color=blue cx=78 cy=58 area=17327
[vision] color=blue cx=486 cy=50 area=4522
[vision] color=blue cx=498 cy=18 area=921
[vision] no target
[vision] no target
[vision] no target
[vision] no target
[vision] no target
[vision] no target
[vision] no target
[vision] no target
[vision] no target
[status] t=17.0s state=VISION_PICK pose=(-0.01,-24.31,1.00) payload=0.0kg
[vision] no target
[vision] no target
[vision] no target
[vision] no target
[vision] no target
[vision] no target
[vision] no target
[vision] no target
[vision] no target
[vision] no target
[vision] no target
[vision] no target
[vision] no target
[vision] no target
[vision] no target
[status] t=19.0s state=VISION_PICK pose=(-0.01,-24.30,1.00) payload=0.0kg
[vision] no target
[vision] no target
[vision] no target
[vision] no target
[vision] no target
[vision] no target
[vision] no target
[vision] no target
[vision] no target
[vision] no target
[vision] no target
[vision] no target
[vision] no target
[vision] no target
[vision] no target
[status] t=21.0s state=VISION_PICK pose=(-0.01,-24.29,1.00) payload=0.0kg
[vision] no target
[vision] color=blue cx=488 cy=64 area=4596
[vision] color=blue cx=458 cy=135 area=15316
[vision] color=blue cx=449 cy=164 area=16328
[vision] color=blue cx=452 cy=154 area=16072
[vision] color=blue cx=454 cy=147 area=15816
[vision] color=blue cx=163 cy=62 area=13462
[vision] color=blue cx=483 cy=75 area=6526
[vision] color=blue cx=491 cy=55 area=3388
[vision] no target
[vision] no target
[vision] no target
[vision] no target
[vision] no target
[vision] no target
[status] t=23.0s state=VISION_PICK pose=(-0.01,-24.28,1.00) payload=0.0kg
[vision] no target
[vision] no target
[vision] no target
[vision] no target
[vision] no target
[vision] no target
[vision] no target
[vision] no target
[vision] no target
[vision] no target
[vision] no target
[vision] no target
[vision] no target
[vision] no target
[vision] no target
[status] t=25.0s state=VISION_PICK pose=(-0.01,-24.27,1.00) payload=0.0kg
[vision] no target
[vision] no target
[vision] no target
[vision] no target
[vision] no target
[vision] no target
[vision] no target
[vision] no target
[vision] no target
[vision] no target
[vision] no target
[vision] no target
[vision] no target
[vision] no target
[vision] no target
[status] t=27.0s state=VISION_PICK pose=(-0.01,-24.27,1.00) payload=0.0kg
[vision] no target
[vision] no target
[vision] no target
[vision] no target
[vision] color=blue cx=480 cy=87 area=7244
[vision] color=blue cx=443 cy=158 area=11362
[vision] color=blue cx=429 cy=182 area=10585
[vision] color=blue cx=434 cy=173 area=10842
[vision] color=blue cx=437 cy=167 area=11023
[vision] color=blue cx=458 cy=130 area=11310
[vision] color=blue cx=476 cy=94 area=8774
[vision] color=blue cx=484 cy=81 area=6020
[vision] color=blue cx=499 cy=50 area=1283
[vision] no target
[vision] no target
[status] t=29.0s state=VISION_PICK pose=(-0.01,-24.27,1.00) payload=0.0kg
[vision] no target
[vision] no target
[vision] no target
[vision] no target
[vision] no target
[vision] no target
[vision] no target
[vision] no target
[vision] no target
[vision] no target
[vision] no target
[vision] no target
[vision] no target
[vision] no target
[vision] no target
[status] t=31.0s state=VISION_PICK pose=(-0.01,-24.26,1.00) payload=0.0kg
[vision] no target
[vision] no target
[vision] no target
[vision] no target
[vision] no target
[vision] no target
[vision] no target
[vision] no target
[vision] no target
Vision 360 scan best target: {'color': 'blue', 'cx': 419, 'cy': 413, 'area': 34305.0}
[status] t=33.0s state=VISION_PICK pose=(-0.01,-24.26,1.00) payload=0.0kg
[vision] color=blue cx=413 cy=401 area=39070
Vision target locked: {'color': 'blue', 'cx': 413, 'cy': 401, 'area': 39070.0}
[status] t=35.0s state=PICK_DOWN pose=(-0.01,-24.26,1.00) payload=0.0kg
Pacco preso: porto il braccio in posizione di non ingombro
cargo_event: {'zone': 'B_shelf_load', 'action': 'load', 'payload_before_kg': 0, 'payload_after_kg': 5.0, 'total_mass_kg': 15.0}
[status] t=37.0s state=PICK_LIFT_SAFE pose=(-0.01,-24.26,1.00) payload=5.0kg
[status] t=39.0s state=PICK_LIFT_SAFE pose=(-0.01,-24.26,1.00) payload=5.0kg
Braccio sicuro: parto verso il punto A per scaricare
[status] t=41.0s state=DRIVE_TO_A pose=(-0.01,-24.08,1.00) payload=5.0kg
[status] t=43.0s state=DRIVE_TO_A pose=(-1.38,-21.38,1.00) payload=5.0kg
[status] t=45.0s state=DRIVE_TO_A pose=(-5.00,-20.47,1.00) payload=5.0kg
[status] t=47.0s state=DRIVE_TO_A pose=(-4.78,-20.63,1.00) payload=5.0kg
[status] t=49.0s state=DRIVE_TO_A pose=(-1.24,-19.31,1.00) payload=5.0kg
[status] t=51.0s state=DRIVE_TO_A pose=(-0.23,-13.30,0.98) payload=5.0kg
[status] t=53.0s state=DRIVE_TO_A pose=(-0.05,-6.99,0.00) payload=5.0kg
[status] t=55.0s state=DRIVE_TO_A pose=(-0.01,-1.21,0.00) payload=5.0kg
Arrivato al punto A: preparo lo scarico
Braccio sopra la zona di scarico: scendo
Pacco scaricato: riporto il braccio in posizione sicura
cargo_event: {'zone': 'A_unload', 'action': 'unload', 'payload_before_kg': 5.0, 'payload_after_kg': 0, 'total_mass_kg': 10}
[status] t=57.0s state=DROP_LIFT_SAFE pose=(-0.00,-0.43,0.00) payload=0.0kg
Missione completata
[report] {
  "point_a": [
    0.0,
    0.0
  ],
  "point_b": [
    0.0,
    -25.0
  ],
  "zone_radius_m": 0.8,
  "cargo_events": [
    {
      "zone": "B_shelf_load",
      "action": "load",
      "payload_before_kg": 0,
      "payload_after_kg": 5.0,
      "total_mass_kg": 15.0
    },
    {
      "zone": "A_unload",
      "action": "unload",
      "payload_before_kg": 5.0,
      "payload_after_kg": 0,
      "total_mass_kg": 10
    }
  ],
  "final_pose": [
    -0.0029066730546093125,
    -0.5166394247527716,
    0.0,
    1.5651700938149828,
    0.0
  ],
  "final_error_from_A_m": 0.5166476013271727,
  "payload_kg": 0,
  "reached_A": true,
  "mission_complete": true,
  "vision_samples": 145,
  "vision_detections": 32,
  "last_vision_detection": {
    "color": "blue",
    "cx": 413,
    "cy": 401,
    "area": 39070.0
  }
}
